{"D:\\GitHub\\bookstore-API\\src\\index.ts": {"path":"D:\\GitHub\\bookstore-API\\src\\index.ts","statementMap":{"0":{"start":{"line":1,"column":0},"end":{"line":1,"column":30}},"1":{"start":{"line":2,"column":0},"end":{"line":2,"column":46}},"2":{"start":{"line":4,"column":12},"end":{"line":4,"column":21}},"3":{"start":{"line":5,"column":13},"end":{"line":5,"column":17}},"4":{"start":{"line":8,"column":24},"end":{"line":14,"column":2}},"5":{"start":{"line":16,"column":0},"end":{"line":38,"column":3}},"6":{"start":{"line":18,"column":15},"end":{"line":35,"column":4}},"7":{"start":{"line":37,"column":2},"end":{"line":37,"column":17}},"8":{"start":{"line":40,"column":0},"end":{"line":40,"column":24}},"9":{"start":{"line":41,"column":0},"end":{"line":41,"column":25}},"10":{"start":{"line":43,"column":0},"end":{"line":45,"column":3}},"11":{"start":{"line":44,"column":2},"end":{"line":44,"column":51}},"12":{"start":{"line":47,"column":0},"end":{"line":47,"column":19}}},"fnMap":{"0":{"name":"(anonymous_1)","decl":{"start":{"line":16,"column":13},"end":{"line":16,"column":14}},"loc":{"start":{"line":16,"column":26},"end":{"line":38,"column":1}}},"1":{"name":"(anonymous_2)","decl":{"start":{"line":43,"column":17},"end":{"line":43,"column":20}},"loc":{"start":{"line":43,"column":22},"end":{"line":45,"column":1}}}},"branchMap":{},"s":{"0":1,"1":1,"2":1,"3":1,"4":1,"5":1,"6":0,"7":0,"8":1,"9":1,"10":1,"11":1,"12":1},"f":{"0":0,"1":1},"b":{}}
,"D:\\GitHub\\bookstore-API\\src\\controllers\\book.controller.ts": {"path":"D:\\GitHub\\bookstore-API\\src\\controllers\\book.controller.ts","statementMap":{"0":{"start":{"line":4,"column":20},"end":{"line":6,"column":2}},"1":{"start":{"line":14,"column":27},"end":{"line":20,"column":1}},"2":{"start":{"line":15,"column":2},"end":{"line":19,"column":null}},"3":{"start":{"line":16,"column":4},"end":{"line":16,"column":32}},"4":{"start":{"line":18,"column":4},"end":{"line":18,"column":40}},"5":{"start":{"line":14,"column":13},"end":{"line":14,"column":27}},"6":{"start":{"line":29,"column":27},"end":{"line":41,"column":1}},"7":{"start":{"line":30,"column":2},"end":{"line":40,"column":null}},"8":{"start":{"line":31,"column":19},"end":{"line":31,"column":46}},"9":{"start":{"line":32,"column":17},"end":{"line":32,"column":59}},"10":{"start":{"line":32,"column":36},"end":{"line":32,"column":58}},"11":{"start":{"line":33,"column":4},"end":{"line":37,"column":null}},"12":{"start":{"line":34,"column":6},"end":{"line":34,"column":33}},"13":{"start":{"line":36,"column":6},"end":{"line":36,"column":45}},"14":{"start":{"line":39,"column":4},"end":{"line":39,"column":40}},"15":{"start":{"line":29,"column":13},"end":{"line":29,"column":27}},"16":{"start":{"line":50,"column":26},"end":{"line":65,"column":1}},"17":{"start":{"line":51,"column":2},"end":{"line":64,"column":null}},"18":{"start":{"line":52,"column":23},"end":{"line":52,"column":31}},"19":{"start":{"line":55,"column":4},"end":{"line":58,"column":null}},"20":{"start":{"line":56,"column":6},"end":{"line":56,"column":43}},"21":{"start":{"line":57,"column":6},"end":{"line":57,"column":13}},"22":{"start":{"line":60,"column":4},"end":{"line":60,"column":21}},"23":{"start":{"line":61,"column":4},"end":{"line":61,"column":31}},"24":{"start":{"line":63,"column":4},"end":{"line":63,"column":40}},"25":{"start":{"line":50,"column":13},"end":{"line":50,"column":26}},"26":{"start":{"line":74,"column":26},"end":{"line":91,"column":1}},"27":{"start":{"line":75,"column":2},"end":{"line":90,"column":null}},"28":{"start":{"line":76,"column":19},"end":{"line":76,"column":46}},"29":{"start":{"line":77,"column":30},"end":{"line":77,"column":38}},"30":{"start":{"line":80,"column":18},"end":{"line":80,"column":65}},"31":{"start":{"line":80,"column":42},"end":{"line":80,"column":64}},"32":{"start":{"line":82,"column":4},"end":{"line":87,"column":null}},"33":{"start":{"line":83,"column":6},"end":{"line":83,"column":33}},"34":{"start":{"line":84,"column":6},"end":{"line":84,"column":40}},"35":{"start":{"line":86,"column":6},"end":{"line":86,"column":45}},"36":{"start":{"line":89,"column":4},"end":{"line":89,"column":40}},"37":{"start":{"line":74,"column":13},"end":{"line":74,"column":26}},"38":{"start":{"line":100,"column":26},"end":{"line":116,"column":1}},"39":{"start":{"line":101,"column":2},"end":{"line":115,"column":null}},"40":{"start":{"line":102,"column":19},"end":{"line":102,"column":46}},"41":{"start":{"line":105,"column":18},"end":{"line":105,"column":65}},"42":{"start":{"line":105,"column":42},"end":{"line":105,"column":64}},"43":{"start":{"line":107,"column":4},"end":{"line":112,"column":null}},"44":{"start":{"line":108,"column":6},"end":{"line":108,"column":59}},"45":{"start":{"line":108,"column":35},"end":{"line":108,"column":57}},"46":{"start":{"line":109,"column":6},"end":{"line":109,"column":38}},"47":{"start":{"line":111,"column":6},"end":{"line":111,"column":45}},"48":{"start":{"line":114,"column":4},"end":{"line":114,"column":40}},"49":{"start":{"line":100,"column":13},"end":{"line":100,"column":26}}},"fnMap":{"0":{"name":"(anonymous_0)","decl":{"start":{"line":14,"column":27},"end":{"line":14,"column":28}},"loc":{"start":{"line":14,"column":59},"end":{"line":20,"column":1}}},"1":{"name":"(anonymous_1)","decl":{"start":{"line":29,"column":27},"end":{"line":29,"column":28}},"loc":{"start":{"line":29,"column":59},"end":{"line":41,"column":1}}},"2":{"name":"(anonymous_2)","decl":{"start":{"line":32,"column":28},"end":{"line":32,"column":32}},"loc":{"start":{"line":32,"column":36},"end":{"line":32,"column":58}}},"3":{"name":"(anonymous_3)","decl":{"start":{"line":50,"column":26},"end":{"line":50,"column":27}},"loc":{"start":{"line":50,"column":58},"end":{"line":65,"column":1}}},"4":{"name":"(anonymous_4)","decl":{"start":{"line":74,"column":26},"end":{"line":74,"column":27}},"loc":{"start":{"line":74,"column":58},"end":{"line":91,"column":1}}},"5":{"name":"(anonymous_5)","decl":{"start":{"line":80,"column":34},"end":{"line":80,"column":38}},"loc":{"start":{"line":80,"column":42},"end":{"line":80,"column":64}}},"6":{"name":"(anonymous_6)","decl":{"start":{"line":100,"column":26},"end":{"line":100,"column":27}},"loc":{"start":{"line":100,"column":58},"end":{"line":116,"column":1}}},"7":{"name":"(anonymous_7)","decl":{"start":{"line":105,"column":34},"end":{"line":105,"column":38}},"loc":{"start":{"line":105,"column":42},"end":{"line":105,"column":64}}},"8":{"name":"(anonymous_8)","decl":{"start":{"line":108,"column":27},"end":{"line":108,"column":31}},"loc":{"start":{"line":108,"column":35},"end":{"line":108,"column":57}}}},"branchMap":{"0":{"loc":{"start":{"line":33,"column":4},"end":{"line":37,"column":null}},"type":"if","locations":[{"start":{"line":33,"column":4},"end":{"line":37,"column":null}},{"start":{"line":35,"column":11},"end":{"line":37,"column":null}}]},"1":{"loc":{"start":{"line":55,"column":4},"end":{"line":58,"column":null}},"type":"if","locations":[{"start":{"line":55,"column":4},"end":{"line":58,"column":null}}]},"2":{"loc":{"start":{"line":55,"column":8},"end":{"line":55,"column":112}},"type":"binary-expr","locations":[{"start":{"line":55,"column":8},"end":{"line":55,"column":33}},{"start":{"line":55,"column":37},"end":{"line":55,"column":61}},{"start":{"line":55,"column":65},"end":{"line":55,"column":90}},{"start":{"line":55,"column":94},"end":{"line":55,"column":112}}]},"3":{"loc":{"start":{"line":82,"column":4},"end":{"line":87,"column":null}},"type":"if","locations":[{"start":{"line":82,"column":4},"end":{"line":87,"column":null}},{"start":{"line":85,"column":11},"end":{"line":87,"column":null}}]},"4":{"loc":{"start":{"line":107,"column":4},"end":{"line":112,"column":null}},"type":"if","locations":[{"start":{"line":107,"column":4},"end":{"line":112,"column":null}},{"start":{"line":110,"column":11},"end":{"line":112,"column":null}}]}},"s":{"0":1,"1":1,"2":1,"3":1,"4":0,"5":1,"6":1,"7":2,"8":2,"9":2,"10":2,"11":2,"12":1,"13":1,"14":0,"15":1,"16":1,"17":2,"18":2,"19":2,"20":1,"21":1,"22":1,"23":1,"24":0,"25":1,"26":1,"27":2,"28":2,"29":2,"30":2,"31":3,"32":2,"33":1,"34":1,"35":1,"36":0,"37":1,"38":1,"39":2,"40":2,"41":2,"42":2,"43":2,"44":1,"45":2,"46":1,"47":1,"48":0,"49":1},"f":{"0":1,"1":2,"2":2,"3":2,"4":2,"5":3,"6":2,"7":2,"8":2},"b":{"0":[1,1],"1":[1],"2":[2,2,2,2],"3":[1,1],"4":[1,1]}}
,"D:\\GitHub\\bookstore-API\\src\\routes\\book.router.ts": {"path":"D:\\GitHub\\bookstore-API\\src\\routes\\book.router.ts","statementMap":{"0":{"start":{"line":1,"column":0},"end":{"line":1,"column":44}},"1":{"start":{"line":3,"column":0},"end":{"line":3,"column":65}},"2":{"start":{"line":5,"column":13},"end":{"line":5,"column":43}},"3":{"start":{"line":7,"column":0},"end":{"line":10,"column":37}},"4":{"start":{"line":12,"column":0},"end":{"line":16,"column":39}},"5":{"start":{"line":18,"column":0},"end":{"line":18,"column":26}}},"fnMap":{},"branchMap":{},"s":{"0":1,"1":1,"2":1,"3":1,"4":1,"5":1},"f":{},"b":{}}
}
