TN:
SF:src\index.ts
FN:16,(anonymous_1)
FN:43,(anonymous_2)
FNF:2
FNH:1
FNDA:0,(anonymous_1)
FNDA:1,(anonymous_2)
DA:1,1
DA:2,1
DA:4,1
DA:5,1
DA:8,1
DA:16,1
DA:18,0
DA:37,0
DA:40,1
DA:41,1
DA:43,1
DA:44,1
DA:47,1
LF:13
LH:11
BRF:0
BRH:0
end_of_record
TN:
SF:src\controllers\book.controller.ts
FN:14,(anonymous_0)
FN:29,(anonymous_1)
FN:32,(anonymous_2)
FN:50,(anonymous_3)
FN:74,(anonymous_4)
FN:80,(anonymous_5)
FN:100,(anonymous_6)
FN:105,(anonymous_7)
FN:108,(anonymous_8)
FNF:9
FNH:9
FNDA:1,(anonymous_0)
FNDA:2,(anonymous_1)
FNDA:2,(anonymous_2)
FNDA:2,(anonymous_3)
FNDA:2,(anonymous_4)
FNDA:3,(anonymous_5)
FNDA:2,(anonymous_6)
FNDA:2,(anonymous_7)
FNDA:2,(anonymous_8)
DA:4,1
DA:14,1
DA:15,1
DA:16,1
DA:18,0
DA:29,1
DA:30,2
DA:31,2
DA:32,2
DA:33,2
DA:34,1
DA:36,1
DA:39,0
DA:50,1
DA:51,2
DA:52,2
DA:55,2
DA:56,1
DA:57,1
DA:60,1
DA:61,1
DA:63,0
DA:74,1
DA:75,2
DA:76,2
DA:77,2
DA:80,3
DA:82,2
DA:83,1
DA:84,1
DA:86,1
DA:89,0
DA:100,1
DA:101,2
DA:102,2
DA:105,2
DA:107,2
DA:108,2
DA:109,1
DA:111,1
DA:114,0
LF:41
LH:36
BRDA:33,0,0,1
BRDA:33,0,1,1
BRDA:55,1,0,1
BRDA:55,2,0,2
BRDA:55,2,1,2
BRDA:55,2,2,2
BRDA:55,2,3,2
BRDA:82,3,0,1
BRDA:82,3,1,1
BRDA:107,4,0,1
BRDA:107,4,1,1
BRF:11
BRH:11
end_of_record
TN:
SF:src\routes\book.router.ts
FNF:0
FNH:0
DA:1,1
DA:3,1
DA:5,1
DA:7,1
DA:12,1
DA:18,1
LF:6
LH:6
BRF:0
BRH:0
end_of_record
